c:\users\guillaume\documents\_workspace\rebi\bin-int\debug-windows-\rebi\vc142.pdb
c:\users\guillaume\documents\_workspace\rebi\bin-int\debug-windows-\rebi\vc142.idb
c:\users\guillaume\documents\_workspace\rebi\bin-int\debug-windows-\rebi\stb_image.obj
c:\users\guillaume\documents\_workspace\rebi\bin-int\debug-windows-\rebi\rendererfactory.obj
c:\users\guillaume\documents\_workspace\rebi\bin-int\debug-windows-\rebi\shader.obj
c:\users\guillaume\documents\_workspace\rebi\bin-int\debug-windows-\rebi\app.obj
c:\users\guillaume\documents\_workspace\rebi\bin-int\debug-windows-\rebi\openglrenderer.obj
c:\users\guillaume\documents\_workspace\rebi\bin-int\debug-windows-\rebi\glad.obj
c:\users\guillaume\documents\_workspace\rebi\bin-int\debug-windows-\rebi\vertexbuffer.obj
c:\users\guillaume\documents\_workspace\rebi\bin-int\debug-windows-\rebi\vertexarray.obj
c:\users\guillaume\documents\_workspace\rebi\bin-int\debug-windows-\rebi\indexvertexbuffer.obj
c:\users\guillaume\documents\_workspace\rebi\bin-int\debug-windows-\rebi\rebi.obj
c:\users\guillaume\documents\_workspace\rebi\bin-int\debug-windows-\rebi\platformfactory.obj
c:\users\guillaume\documents\_workspace\rebi\bin-int\debug-windows-\rebi\glfwwindow.obj
c:\users\guillaume\documents\_workspace\rebi\bin-int\debug-windows-\rebi\rebi.tlog\cl.command.1.tlog
c:\users\guillaume\documents\_workspace\rebi\bin-int\debug-windows-\rebi\rebi.tlog\cl.read.1.tlog
c:\users\guillaume\documents\_workspace\rebi\bin-int\debug-windows-\rebi\rebi.tlog\cl.write.1.tlog
c:\users\guillaume\documents\_workspace\rebi\bin-int\debug-windows-\rebi\rebi.tlog\link-cvtres.read.1.tlog
c:\users\guillaume\documents\_workspace\rebi\bin-int\debug-windows-\rebi\rebi.tlog\link-cvtres.write.1.tlog
c:\users\guillaume\documents\_workspace\rebi\bin-int\debug-windows-\rebi\rebi.tlog\link-rc.read.1.tlog
c:\users\guillaume\documents\_workspace\rebi\bin-int\debug-windows-\rebi\rebi.tlog\link-rc.write.1.tlog
c:\users\guillaume\documents\_workspace\rebi\bin-int\debug-windows-\rebi\rebi.tlog\link.command.1.tlog
c:\users\guillaume\documents\_workspace\rebi\bin-int\debug-windows-\rebi\rebi.tlog\link.read.1.tlog
c:\users\guillaume\documents\_workspace\rebi\bin-int\debug-windows-\rebi\rebi.tlog\link.write.1.tlog
